<?xml version="1.0" encoding="UTF-8"?>
<!-- Generated by org.testng.reporters.JUnitReportReporter -->
<testsuite hostname="DESKTOP-JGLQ43R" failures="0" tests="1" name="implement.TestRunner" time="0.100" errors="0" timestamp="2025-03-26T15:00:38 IST" skipped="0">
  <testcase classname="implement.TestRunner" name="runScenario" time="0.100"/>
</testsuite> <!-- implement.TestRunner -->
