<?xml version="1.0" encoding="UTF-8"?>
<!-- Generated by org.testng.reporters.JUnitReportReporter -->
<testsuite hostname="DESKTOP-JGLQ43R" failures="0" tests="1" name="tests.MainTestN" time="42.554" errors="0" timestamp="2025-05-05T17:38:07 IST" skipped="0">
  <testcase classname="tests.MainTestN" name="Onboard_Emp" time="42.554"/>
</testsuite> <!-- tests.MainTestN -->
