<?xml version="1.0" encoding="UTF-8"?>
<!-- Generated by org.testng.reporters.JUnitReportReporter -->
<testsuite hostname="DESKTOP-JGLQ43R" failures="0" tests="1" name="testcase_hrms.Hrms_Onboard_Page_Test" time="20.500" errors="0" timestamp="2025-05-05T16:32:17 IST" skipped="0">
  <testcase classname="testcase_hrms.Hrms_Onboard_Page_Test" name="Dashboard_Page" time="20.500"/>
</testsuite> <!-- testcase_hrms.Hrms_Onboard_Page_Test -->
