<?xml version="1.0" encoding="UTF-8"?>
<!-- Generated by org.testng.reporters.JUnitReportReporter -->
<testsuite hostname="DESKTOP-F52EDBA" failures="0" tests="3" name="crossbrowserparallel.GoogleTest" time="31.790" errors="0" timestamp="2023-01-26T17:51:59 IST" skipped="0">
  <testcase classname="crossbrowserparallel.GoogleTest" name="demoTest" time="8.748"/>
  <system-out/>
  <testcase classname="crossbrowserparallel.GoogleTest" name="demoTest" time="14.141"/>
  <system-out/>
  <testcase classname="crossbrowserparallel.GoogleTest" name="demoTest" time="8.901"/>
  <system-out/>
</testsuite> <!-- crossbrowserparallel.GoogleTest -->
