<?xml version="1.0" encoding="UTF-8"?>
<!-- Generated by org.testng.reporters.JUnitReportReporter -->
<testsuite hostname="DESKTOP-F52EDBA" failures="0" tests="2" name="testng.DependsOnMethodsPractice" time="11.133" errors="0" timestamp="2023-01-24T18:25:28 IST" skipped="0">
  <testcase classname="testng.DependsOnMethodsPractice" name="openActitime" time="7.894"/>
  <system-out/>
  <testcase classname="testng.DependsOnMethodsPractice" name="loginToActitime" time="3.239"/>
  <system-out/>
</testsuite> <!-- testng.DependsOnMethodsPractice -->
