<?xml version="1.0" encoding="UTF-8"?>
<!-- Generated by org.testng.reporters.JUnitReportReporter -->
<testsuite hostname="DESKTOP-F52EDBA" failures="0" tests="1" name="assertions.WhyNotIfElse" time="0.013" errors="0" timestamp="2023-01-30T18:33:28 IST" skipped="0">
  <testcase classname="assertions.WhyNotIfElse" name="demo" time="0.013"/>
  <system-out/>
</testsuite> <!-- assertions.WhyNotIfElse -->
