<?xml version="1.0" encoding="UTF-8"?>
<!-- Generated by org.testng.reporters.JUnitReportReporter -->
<testsuite hostname="DESKTOP-F52EDBA" failures="0" tests="1" name="testForListener.Test3" time="0.019" errors="0" timestamp="2023-01-28T17:52:15 IST" skipped="0">
  <testcase classname="testForListener.Test3" name="test3" time="0.019"/>
  <system-out/>
</testsuite> <!-- testForListener.Test3 -->
