<?xml version="1.0" encoding="UTF-8"?>
<!-- Generated by org.testng.reporters.JUnitReportReporter -->
<testsuite hostname="DESKTOP-F52EDBA" failures="0" tests="3" name="groupexecution.FirstTest" time="0.003" errors="0" timestamp="2023-01-25T18:23:48 IST" skipped="0">
  <testcase classname="groupexecution.FirstTest" name="test2" time="0.001"/>
  <system-out/>
  <testcase classname="groupexecution.FirstTest" name="test0" time="0.001"/>
  <system-out/>
  <testcase classname="groupexecution.FirstTest" name="test1" time="0.001"/>
  <system-out/>
</testsuite> <!-- groupexecution.FirstTest -->
