<?xml version="1.0" encoding="UTF-8"?>
<!-- Generated by org.testng.reporters.JUnitReportReporter -->
<testsuite hostname="DESKTOP-F52EDBA" failures="0" tests="3" name="grid.Practice1" time="27.703" errors="0" timestamp="2023-02-02T17:46:50 IST" skipped="0">
  <testcase classname="grid.Practice1" name="demo" time="9.028"/>
  <system-out/>
  <testcase classname="grid.Practice1" name="demo" time="8.611"/>
  <system-out/>
  <testcase classname="grid.Practice1" name="demo" time="10.064"/>
  <system-out/>
</testsuite> <!-- grid.Practice1 -->
