<?xml version="1.0" encoding="UTF-8"?>
<!-- Generated by org.testng.reporters.JUnitReportReporter -->
<testsuite hostname="DESKTOP-F52EDBA" failures="0" tests="3" name="crossbrowserparallel.SwiggyTest" time="39.485" errors="0" timestamp="2023-01-26T17:51:59 IST" skipped="0">
  <testcase classname="crossbrowserparallel.SwiggyTest" name="demoTest" time="9.727"/>
  <system-out/>
  <testcase classname="crossbrowserparallel.SwiggyTest" name="demoTest" time="15.304"/>
  <system-out/>
  <testcase classname="crossbrowserparallel.SwiggyTest" name="demoTest" time="14.454"/>
  <system-out/>
</testsuite> <!-- crossbrowserparallel.SwiggyTest -->
