<?xml version="1.0" encoding="UTF-8"?>
<!-- Generated by org.testng.reporters.JUnitReportReporter -->
<testsuite hostname="DESKTOP-F52EDBA" failures="0" tests="6" name="testng.InvocationCount" time="0.014" errors="0" timestamp="2023-01-24T17:58:55 IST" skipped="1">
  <testcase classname="testng.InvocationCount" name="demo1" time="0.002"/>
  <system-out/>
  <testcase classname="testng.InvocationCount" name="demo1" time="0.002"/>
  <system-out/>
  <testcase classname="testng.InvocationCount" name="demo1" time="0.008"/>
  <system-out/>
  <testcase classname="testng.InvocationCount" name="demo3" time="0.001"/>
  <system-out/>
  <testcase classname="testng.InvocationCount" name="demo3" time="0.001"/>
  <system-out/>
  <testcase classname="testng.InvocationCount" name="demo2">
    <skipped/>
  </testcase> <!-- demo2 -->
  <system-out/>
</testsuite> <!-- testng.InvocationCount -->
