<?xml version="1.0" encoding="UTF-8"?>
<!-- Generated by org.testng.reporters.JUnitReportReporter -->
<testsuite hostname="DESKTOP-F52EDBA" failures="0" tests="1" name="batchexecution.FourthTest" time="0.001" errors="0" timestamp="2023-02-04T17:49:10 IST" skipped="0">
  <testcase classname="batchexecution.FourthTest" name="fourthTest" time="0.001"/>
  <system-out/>
</testsuite> <!-- batchexecution.FourthTest -->
