<?xml version="1.0" encoding="UTF-8"?>
<!-- Generated by org.testng.reporters.JUnitReportReporter -->
<testsuite hostname="DESKTOP-F52EDBA" failures="0" tests="1" name="xmlParametrization.PracticeTest" time="0.016" errors="0" timestamp="2023-01-08T11:07:43 IST" skipped="0">
  <testcase classname="xmlParametrization.PracticeTest" name="demoTest" time="0.016"/>
  <system-out/>
</testsuite> <!-- xmlParametrization.PracticeTest -->
