<?xml version="1.0" encoding="UTF-8"?>
<!-- Generated by org.testng.reporters.JUnitReportReporter -->
<testsuite hostname="DESKTOP-F52EDBA" failures="0" tests="3" name="dataprovider.PracticeTest" time="0.013" errors="0" timestamp="2023-01-30T17:26:03 IST" skipped="0">
  <testcase classname="dataprovider.PracticeTest" name="bookTicketTest" time="0.003"/>
  <system-out/>
  <testcase classname="dataprovider.PracticeTest" name="bookTicketTest" time="0.008"/>
  <system-out/>
  <testcase classname="dataprovider.PracticeTest" name="bookTicketTest" time="0.002"/>
  <system-out/>
</testsuite> <!-- dataprovider.PracticeTest -->
