<?xml version="1.0" encoding="UTF-8"?>
<!-- Generated by org.testng.reporters.JUnitReportReporter -->
<testsuite hostname="DESKTOP-F52EDBA" failures="0" tests="2" name="grid.CrossBrowserparallelTest" time="20.746" errors="0" timestamp="2023-02-02T18:26:04 IST" skipped="0">
  <testcase classname="grid.CrossBrowserparallelTest" name="test" time="12.890"/>
  <system-out/>
  <testcase classname="grid.CrossBrowserparallelTest" name="test" time="7.856"/>
  <system-out/>
</testsuite> <!-- grid.CrossBrowserparallelTest -->
